c:\users\user\onedrive\바탕 화면\shared-bike-system\project\project\x64\debug\vc143.pdb
c:\users\user\onedrive\바탕 화면\shared-bike-system\project\project\x64\debug\vc143.idb
c:\users\user\onedrive\바탕 화면\shared-bike-system\project\project\x64\debug\viewrentalinfoui.obj
c:\users\user\onedrive\바탕 화면\shared-bike-system\project\project\x64\debug\viewrentalinfo.obj
c:\users\user\onedrive\바탕 화면\shared-bike-system\project\project\x64\debug\user.obj
c:\users\user\onedrive\바탕 화면\shared-bike-system\project\project\x64\debug\signupui.obj
c:\users\user\onedrive\바탕 화면\shared-bike-system\project\project\x64\debug\signup.obj
c:\users\user\onedrive\바탕 화면\shared-bike-system\project\project\x64\debug\rentbicycleui.obj
c:\users\user\onedrive\바탕 화면\shared-bike-system\project\project\x64\debug\rentbicycle.obj
c:\users\user\onedrive\바탕 화면\shared-bike-system\project\project\x64\debug\registerbicycleui.obj
c:\users\user\onedrive\바탕 화면\shared-bike-system\project\project\x64\debug\registerbicycle.obj
c:\users\user\onedrive\바탕 화면\shared-bike-system\project\project\x64\debug\member.obj
c:\users\user\onedrive\바탕 화면\shared-bike-system\project\project\x64\debug\manager.obj
c:\users\user\onedrive\바탕 화면\shared-bike-system\project\project\x64\debug\main.obj
c:\users\user\onedrive\바탕 화면\shared-bike-system\project\project\x64\debug\logoutui.obj
c:\users\user\onedrive\바탕 화면\shared-bike-system\project\project\x64\debug\logout.obj
c:\users\user\onedrive\바탕 화면\shared-bike-system\project\project\x64\debug\loginui.obj
c:\users\user\onedrive\바탕 화면\shared-bike-system\project\project\x64\debug\login.obj
c:\users\user\onedrive\바탕 화면\shared-bike-system\project\project\x64\debug\exit.obj
c:\users\user\onedrive\바탕 화면\shared-bike-system\project\project\x64\debug\database.obj
c:\users\user\onedrive\바탕 화면\shared-bike-system\project\project\x64\debug\bicycle.obj
c:\users\user\onedrive\바탕 화면\shared-bike-system\project\project\x64\debug\project.tlog\cl.command.1.tlog
c:\users\user\onedrive\바탕 화면\shared-bike-system\project\project\x64\debug\project.tlog\cl.read.1.tlog
c:\users\user\onedrive\바탕 화면\shared-bike-system\project\project\x64\debug\project.tlog\cl.write.1.tlog
